<?xml version="1.0" encoding="UTF-8"?>
<testng-results ignored="0" total="1" passed="1" failed="0" skipped="0">
  <reporter-output>
  </reporter-output>
  <suite started-at="2024-11-11T17:31:08 IST" name="Suite" finished-at="2024-11-11T17:31:12 IST" duration-ms="4677">
    <groups>
      <group name="smoke">
        <method signature="TC002LoginTest.verifyLogin()[pri:0, instance:testCases.TC002LoginTest@42530531]" name="verifyLogin" class="testCases.TC002LoginTest"/>
      </group> <!-- smoke -->
      <group name="sanity">
        <method signature="TC002LoginTest.verifyLogin()[pri:0, instance:testCases.TC002LoginTest@42530531]" name="verifyLogin" class="testCases.TC002LoginTest"/>
      </group> <!-- sanity -->
    </groups>
    <test started-at="2024-11-11T17:31:08 IST" name="Test" finished-at="2024-11-11T17:31:12 IST" duration-ms="4677">
      <class name="testCases.TC002LoginTest">
        <test-method is-config="true" signature="setup(java.lang.String,java.lang.String)[pri:0, instance:testCases.TC002LoginTest@42530531]" started-at="2024-11-11T17:31:08 IST" name="setup" finished-at="2024-11-11T17:31:11 IST" duration-ms="3270" status="PASS">
          <params>
            <param index="0">
              <value>
                <![CDATA[windows]]>
              </value>
            </param>
            <param index="1">
              <value>
                <![CDATA[chrome]]>
              </value>
            </param>
          </params>
          <reporter-output>
          </reporter-output>
        </test-method> <!-- setup -->
        <test-method signature="verifyLogin()[pri:0, instance:testCases.TC002LoginTest@42530531]" started-at="2024-11-11T17:31:11 IST" name="verifyLogin" finished-at="2024-11-11T17:31:12 IST" duration-ms="1258" status="PASS">
          <reporter-output>
          </reporter-output>
        </test-method> <!-- verifyLogin -->
        <test-method is-config="true" signature="tearDown()[pri:0, instance:testCases.TC002LoginTest@42530531]" started-at="2024-11-11T17:31:12 IST" name="tearDown" finished-at="2024-11-11T17:31:12 IST" duration-ms="108" status="PASS">
          <reporter-output>
          </reporter-output>
        </test-method> <!-- tearDown -->
      </class> <!-- testCases.TC002LoginTest -->
    </test> <!-- Test -->
  </suite> <!-- Suite -->
</testng-results>
