<?xml version="1.0" encoding="UTF-8"?>
<testng-results ignored="0" total="1" passed="1" failed="0" skipped="0">
  <reporter-output>
  </reporter-output>
  <suite started-at="2024-11-11T16:37:21 IST" name="Suite" finished-at="2024-11-11T16:37:45 IST" duration-ms="24105">
    <groups>
      <group name="smoke">
        <method signature="TC002LoginTest.verifyLogin()[pri:0, instance:testCases.TC002LoginTest@26425897]" name="verifyLogin" class="testCases.TC002LoginTest"/>
      </group> <!-- smoke -->
      <group name="sanity">
        <method signature="TC002LoginTest.verifyLogin()[pri:0, instance:testCases.TC002LoginTest@26425897]" name="verifyLogin" class="testCases.TC002LoginTest"/>
      </group> <!-- sanity -->
    </groups>
    <test started-at="2024-11-11T16:37:21 IST" name="Test" finished-at="2024-11-11T16:37:45 IST" duration-ms="24105">
      <class name="testCases.TC002LoginTest">
        <test-method is-config="true" signature="setup(java.lang.String,java.lang.String)[pri:0, instance:testCases.TC002LoginTest@26425897]" started-at="2024-11-11T16:37:21 IST" name="setup" finished-at="2024-11-11T16:37:42 IST" duration-ms="20834" status="PASS">
          <params>
            <param index="0">
              <value>
                <![CDATA[linux]]>
              </value>
            </param>
            <param index="1">
              <value>
                <![CDATA[firefox]]>
              </value>
            </param>
          </params>
          <reporter-output>
          </reporter-output>
        </test-method> <!-- setup -->
        <test-method signature="verifyLogin()[pri:0, instance:testCases.TC002LoginTest@26425897]" started-at="2024-11-11T16:37:42 IST" name="verifyLogin" finished-at="2024-11-11T16:37:43 IST" duration-ms="1350" status="PASS">
          <reporter-output>
          </reporter-output>
        </test-method> <!-- verifyLogin -->
        <test-method is-config="true" signature="tearDown()[pri:0, instance:testCases.TC002LoginTest@26425897]" started-at="2024-11-11T16:37:43 IST" name="tearDown" finished-at="2024-11-11T16:37:45 IST" duration-ms="1563" status="PASS">
          <reporter-output>
          </reporter-output>
        </test-method> <!-- tearDown -->
      </class> <!-- testCases.TC002LoginTest -->
    </test> <!-- Test -->
  </suite> <!-- Suite -->
</testng-results>
